<?xml version="1.0" encoding="UTF-8"?>
<!-- Generated by org.testng.reporters.JUnitReportReporter -->
<testsuite hostname="AnshulPC" failures="0" tests="4" name="RestAPI.APITesting.HTTPRequests" time="6.850" errors="0" timestamp="2023-08-23T21:39:32 IST" skipped="1">
  <testcase classname="RestAPI.APITesting.HTTPRequests" name="deleteUser" time="1.079"/>
  <system-out/>
  <testcase classname="RestAPI.APITesting.HTTPRequests" name="createUser" time="4.746"/>
  <system-out/>
  <testcase classname="RestAPI.APITesting.HTTPRequests" name="updateUser" time="1.025"/>
  <system-out/>
  <testcase classname="RestAPI.APITesting.HTTPRequests" name="getUser">
    <skipped/>
  </testcase> <!-- getUser -->
  <system-out/>
</testsuite> <!-- RestAPI.APITesting.HTTPRequests -->
