<?xml version="1.0" encoding="UTF-8"?>
<!-- Generated by org.testng.reporters.JUnitReportReporter -->
<testsuite hostname="AnshulPC" failures="0" tests="1" name="RestAPI.APITesting.ComplexJsonParse" time="0.839" errors="0" timestamp="2023-04-28T17:56:47 IST" skipped="0">
  <testcase classname="RestAPI.APITesting.ComplexJsonParse" name="sumofNumbers" time="0.839"/>
  <system-out/>
</testsuite> <!-- RestAPI.APITesting.ComplexJsonParse -->
