<?xml version="1.0" encoding="UTF-8"?>
<!-- Generated by org.testng.reporters.JUnitReportReporter -->
<testsuite hostname="AnshulPC" failures="0" tests="2" name="RestAPI.APITesting.ParsingJSONResponseData" time="3.474" errors="0" timestamp="2023-08-28T15:06:02 IST" skipped="1">
  <testcase classname="RestAPI.APITesting.ParsingJSONResponseData" name="testResponseJSONsecondMethod" time="3.474"/>
  <system-out/>
  <testcase classname="RestAPI.APITesting.ParsingJSONResponseData" name="testResponseJSON">
    <skipped/>
  </testcase> <!-- testResponseJSON -->
  <system-out/>
</testsuite> <!-- RestAPI.APITesting.ParsingJSONResponseData -->
