<?xml version="1.0" encoding="UTF-8"?>
<!-- Generated by org.testng.reporters.JUnitReportReporter -->
<testsuite hostname="AnshulPC" failures="0" tests="1" name="RestAPI.APITesting.differentWaysToCreatePostRequestbody" time="4.388" errors="0" timestamp="2023-08-24T19:56:11 IST" skipped="0">
  <testcase classname="RestAPI.APITesting.differentWaysToCreatePostRequestbody" name="postusingHashmap" time="4.388"/>
  <system-out/>
</testsuite> <!-- RestAPI.APITesting.differentWaysToCreatePostRequestbody -->
