<?xml version="1.0" encoding="UTF-8"?>
<!-- Generated by org.testng.reporters.JUnitReportReporter -->
<testsuite hostname="AnshulPC" failures="0" tests="1" name="RestAPI.APITesting.queryParams" time="3.120" errors="0" timestamp="2023-08-25T22:42:17 IST" skipped="0">
  <testcase classname="RestAPI.APITesting.queryParams" name="getCookiesdetails" time="3.120"/>
  <system-out/>
</testsuite> <!-- RestAPI.APITesting.queryParams -->
