<?xml version="1.0" encoding="UTF-8"?>
<!-- Generated by org.testng.reporters.JUnitReportReporter -->
<testsuite hostname="AnshulPC" failures="0" tests="3" name="RestAPI.APITesting.DynamicJson" time="5.915" errors="0" timestamp="2023-04-28T23:02:21 IST" skipped="0">
  <testcase classname="RestAPI.APITesting.DynamicJson" name="addbook" time="1.070"/>
  <system-out/>
  <testcase classname="RestAPI.APITesting.DynamicJson" name="addbook" time="0.906"/>
  <system-out/>
  <testcase classname="RestAPI.APITesting.DynamicJson" name="addbook" time="3.939"/>
  <system-out/>
</testsuite> <!-- RestAPI.APITesting.DynamicJson -->
